# JRE version: Java(TM) SE Runtime Environment (17.0.12+8) (build 17.0.12+8-LTS-286)
# Java VM: Java HotSpot(TM) 64-Bit Server VM (17.0.12+8-LTS-286, mixed mode, emulated-client, sharing, tiered, compressed oops, compressed class ptrs, g1 gc, windows-amd64)
GC Precious Log:
 CPUs: 28 total, 28 available
 Memory: 16053M
 Large Page Support: Disabled
 NUMA Support: Disabled
 Compressed Oops: Enabled (Zero based)
 Heap Region Size: 2M
 Heap Min Capacity: 8M
 Heap Initial Capacity: 252M
 Heap Max Capacity: 4014M
 Pre-touch: Disabled
 Parallel Workers: 20
 Concurrent Workers: 5
 Concurrent Refinement Workers: 20
 Periodic GC: Disabled
Heap:
 garbage-first heap   total 96256K, used 38131K [0x0000000705200000, 0x0000000800000000)
  region size 2048K, 2 young (4096K), 2 survivors (4096K)
 Metaspace       used 62321K, committed 62912K, reserved 1114112K
  class space    used 8922K, committed 9216K, reserved 1048576K
GC Heap History (20 events):
Event: 1.070 GC heap after
{Heap after GC invocations=4 (full 0):
 garbage-first heap   total 258048K, used 17942K [0x0000000705200000, 0x0000000800000000)
  region size 2048K, 5 young (10240K), 5 survivors (10240K)
 Metaspace       used 21192K, committed 21504K, reserved 1114112K
  class space    used 2957K, committed 3136K, reserved 1048576K
}
Event: 1.390 GC heap before
{Heap before GC invocations=5 (full 0):
 garbage-first heap   total 75776K, used 54806K [0x0000000705200000, 0x0000000800000000)
  region size 2048K, 24 young (49152K), 5 survivors (10240K)
 Metaspace       used 25934K, committed 26304K, reserved 1114112K
  class space    used 3576K, committed 3776K, reserved 1048576K
}
Event: 1.396 GC heap after
{Heap after GC invocations=6 (full 0):
 garbage-first heap   total 75776K, used 20731K [0x0000000705200000, 0x0000000800000000)
  region size 2048K, 2 young (4096K), 2 survivors (4096K)
 Metaspace       used 25934K, committed 26304K, reserved 1114112K
  class space    used 3576K, committed 3776K, reserved 1048576K
}
Event: 1.411 GC heap before
{Heap before GC invocations=6 (full 0):
 garbage-first heap   total 75776K, used 22779K [0x0000000705200000, 0x0000000800000000)
  region size 2048K, 3 young (6144K), 2 survivors (4096K)
 Metaspace       used 26077K, committed 26496K, reserved 1114112K
  class space    used 3603K, committed 3776K, reserved 1048576K
}
Event: 1.413 GC heap after
{Heap after GC invocations=7 (full 0):
 garbage-first heap   total 75776K, used 21101K [0x0000000705200000, 0x0000000800000000)
  region size 2048K, 1 young (2048K), 1 survivors (2048K)
 Metaspace       used 26077K, committed 26496K, reserved 1114112K
  class space    used 3603K, committed 3776K, reserved 1048576K
}
Event: 1.742 GC heap before
{Heap before GC invocations=7 (full 0):
 garbage-first heap   total 75776K, used 51821K [0x0000000705200000, 0x0000000800000000)
  region size 2048K, 16 young (32768K), 1 survivors (2048K)
 Metaspace       used 30547K, committed 31040K, reserved 1114112K
  class space    used 4239K, committed 4480K, reserved 1048576K
}
Event: 1.745 GC heap after
{Heap after GC invocations=8 (full 0):
 garbage-first heap   total 114688K, used 23338K [0x0000000705200000, 0x0000000800000000)
  region size 2048K, 2 young (4096K), 2 survivors (4096K)
 Metaspace       used 30547K, committed 31040K, reserved 1114112K
  class space    used 4239K, committed 4480K, reserved 1048576K
}
Event: 2.038 GC heap before
{Heap before GC invocations=8 (full 0):
 garbage-first heap   total 114688K, used 47914K [0x0000000705200000, 0x0000000800000000)
  region size 2048K, 16 young (32768K), 2 survivors (4096K)
 Metaspace       used 35550K, committed 35968K, reserved 1114112K
  class space    used 4861K, committed 5056K, reserved 1048576K
}
Event: 2.041 GC heap after
{Heap after GC invocations=9 (full 0):
 garbage-first heap   total 114688K, used 25289K [0x0000000705200000, 0x0000000800000000)
  region size 2048K, 3 young (6144K), 3 survivors (6144K)
 Metaspace       used 35550K, committed 35968K, reserved 1114112K
  class space    used 4861K, committed 5056K, reserved 1048576K
}
Event: 16.970 GC heap before
{Heap before GC invocations=10 (full 0):
 garbage-first heap   total 96256K, used 74441K [0x0000000705200000, 0x0000000800000000)
  region size 2048K, 28 young (57344K), 3 survivors (6144K)
 Metaspace       used 50164K, committed 50624K, reserved 1114112K
  class space    used 6988K, committed 7232K, reserved 1048576K
}
Event: 16.974 GC heap after
{Heap after GC invocations=11 (full 0):
 garbage-first heap   total 96256K, used 28162K [0x0000000705200000, 0x0000000800000000)
  region size 2048K, 3 young (6144K), 3 survivors (6144K)
 Metaspace       used 50164K, committed 50624K, reserved 1114112K
  class space    used 6988K, committed 7232K, reserved 1048576K
}
Event: 16.986 GC heap before
{Heap before GC invocations=11 (full 0):
 garbage-first heap   total 96256K, used 30210K [0x0000000705200000, 0x0000000800000000)
  region size 2048K, 4 young (8192K), 3 survivors (6144K)
 Metaspace       used 50513K, committed 51008K, reserved 1114112K
  class space    used 7068K, committed 7296K, reserved 1048576K
}
Event: 16.989 GC heap after
{Heap after GC invocations=12 (full 0):
 garbage-first heap   total 96256K, used 27876K [0x0000000705200000, 0x0000000800000000)
  region size 2048K, 1 young (2048K), 1 survivors (2048K)
 Metaspace       used 50513K, committed 51008K, reserved 1114112K
  class space    used 7068K, committed 7296K, reserved 1048576K
}
Event: 17.266 GC heap before
{Heap before GC invocations=12 (full 0):
 garbage-first heap   total 96256K, used 70884K [0x0000000705200000, 0x0000000800000000)
  region size 2048K, 22 young (45056K), 1 survivors (2048K)
 Metaspace       used 54956K, committed 55488K, reserved 1114112K
  class space    used 7688K, committed 7936K, reserved 1048576K
}
Event: 17.269 GC heap after
{Heap after GC invocations=13 (full 0):
 garbage-first heap   total 96256K, used 35753K [0x0000000705200000, 0x0000000800000000)
  region size 2048K, 3 young (6144K), 3 survivors (6144K)
 Metaspace       used 54956K, committed 55488K, reserved 1114112K
  class space    used 7688K, committed 7936K, reserved 1048576K
}
Event: 17.405 GC heap before
{Heap before GC invocations=13 (full 0):
 garbage-first heap   total 96256K, used 68521K [0x0000000705200000, 0x0000000800000000)
  region size 2048K, 20 young (40960K), 3 survivors (6144K)
 Metaspace       used 56878K, committed 57472K, reserved 1114112K
  class space    used 7918K, committed 8192K, reserved 1048576K
}
Event: 17.408 GC heap after
{Heap after GC invocations=14 (full 0):
 garbage-first heap   total 96256K, used 37434K [0x0000000705200000, 0x0000000800000000)
  region size 2048K, 1 young (2048K), 1 survivors (2048K)
 Metaspace       used 56878K, committed 57472K, reserved 1114112K
  class space    used 7918K, committed 8192K, reserved 1048576K
}
Event: 17.495 GC heap before
{Heap before GC invocations=14 (full 0):
 garbage-first heap   total 96256K, used 43578K [0x0000000705200000, 0x0000000800000000)
  region size 2048K, 6 young (12288K), 1 survivors (2048K)
 Metaspace       used 59775K, committed 60288K, reserved 1114112K
  class space    used 8399K, committed 8640K, reserved 1048576K
}
Event: 17.497 GC heap after
{Heap after GC invocations=15 (full 0):
 garbage-first heap   total 96256K, used 37701K [0x0000000705200000, 0x0000000800000000)
  region size 2048K, 1 young (2048K), 1 survivors (2048K)
 Metaspace       used 59775K, committed 60288K, reserved 1114112K
  class space    used 8399K, committed 8640K, reserved 1048576K
}
Event: 17.683 GC heap before
{Heap before GC invocations=16 (full 0):
 garbage-first heap   total 96256K, used 72517K [0x0000000705200000, 0x0000000800000000)
  region size 2048K, 18 young (36864K), 1 survivors (2048K)
 Metaspace       used 62321K, committed 62912K, reserved 1114112K
  class space    used 8922K, committed 9216K, reserved 1048576K
}

